0 info it worked if it ends with ok
1 verbose cli [ 'C:\\Program Files\\nodejs\\node.exe',
1 verbose cli   'C:\\Users\\Dracognic\\AppData\\Roaming\\npm\\node_modules\\npm\\bin\\npm-cli.js',
1 verbose cli   'start' ]
2 info using npm@2.15.12
3 info using node@v11.9.0
4 verbose run-script [ 'prestart', 'start', 'poststart' ]
5 info prestart team-random-guys@0.0.0
6 info start team-random-guys@0.0.0
7 verbose unsafe-perm in lifecycle true
8 info team-random-guys@0.0.0 Failed to exec start script
9 verbose stack Error: team-random-guys@0.0.0 start: `ng serve`
9 verbose stack Exit status 1
9 verbose stack     at EventEmitter.<anonymous> (C:\Users\Dracognic\AppData\Roaming\npm\node_modules\npm\lib\utils\lifecycle.js:217:16)
9 verbose stack     at EventEmitter.emit (events.js:197:13)
9 verbose stack     at ChildProcess.<anonymous> (C:\Users\Dracognic\AppData\Roaming\npm\node_modules\npm\lib\utils\spawn.js:24:14)
9 verbose stack     at ChildProcess.emit (events.js:197:13)
9 verbose stack     at maybeClose (internal/child_process.js:978:16)
9 verbose stack     at Process.ChildProcess._handle.onexit (internal/child_process.js:265:5)
10 verbose pkgid team-random-guys@0.0.0
11 verbose cwd C:\Users\Dracognic\Documents\GitHub\team-random-guys
12 error Windows_NT 10.0.17134
13 error argv "C:\\Program Files\\nodejs\\node.exe" "C:\\Users\\Dracognic\\AppData\\Roaming\\npm\\node_modules\\npm\\bin\\npm-cli.js" "start"
14 error node v11.9.0
15 error npm  v2.15.12
16 error code ELIFECYCLE
17 error team-random-guys@0.0.0 start: `ng serve`
17 error Exit status 1
18 error Failed at the team-random-guys@0.0.0 start script 'ng serve'.
18 error This is most likely a problem with the team-random-guys package,
18 error not with npm itself.
18 error Tell the author that this fails on your system:
18 error     ng serve
18 error You can get information on how to open an issue for this project with:
18 error     npm bugs team-random-guys
18 error Or if that isn't available, you can get their info via:
18 error
18 error     npm owner ls team-random-guys
18 error There is likely additional logging output above.
19 verbose exit [ 1, true ]
